IP: 145.132.100.85
UA: Mozilla/5.0 (Macintosh; Intel Mac OS X 13_5) AppleWebKit/605.1.15 (KHTML, like Gecko) Version/17.0 Safari/605.1.15
----
IP: 128.24.162.150
UA: Mozilla/5.0 (iPhone; CPU iPhone OS 17_0 like Mac OS X) AppleWebKit/605.1.15 (KHTML, like Gecko) Version/17.0 Mobile/15E148 Safari/604.1
----
TIME: 2026-01-08T14:21:51.706Z
IP: 20.55.13.165
COUNTRY: US
UA: Mozilla/5.0 (iPhone; CPU iPhone OS 17_0 like Mac OS X) AppleWebKit/605.1.15 (KHTML, like Gecko) Version/17.0 Mobile/15E148 Safari/604.1
LOCALE: en-US
TIMEZONE: America/New_York
------------------------
TIME: 2026-01-09T21:44:07.069Z
IP: 135.232.232.34
COUNTRY: US
UA: Mozilla/5.0 (iPhone; CPU iPhone OS 17_0 like Mac OS X) AppleWebKit/605.1.15 (KHTML, like Gecko) Version/17.0 Mobile/15E148 Safari/604.1
LOCALE: en-US
TIMEZONE: America/New_York
URL: https://www.hhtm.cc/xem-phim/chen-thanh-cua-eris/tap-1
------------------------
TIME: 2026-01-09T21:55:23.203Z
IP: 52.173.162.105
COUNTRY: US
UA: Mozilla/5.0 (iPhone; CPU iPhone OS 17_0 like Mac OS X) AppleWebKit/605.1.15 (KHTML, like Gecko) Version/17.0 Mobile/15E148 Safari/604.1
LOCALE: en-US
TIMEZONE: America/New_York
URL: https://www.hhtm.cc/xem-phim/chen-thanh-cua-eris/tap-1
------------------------
